[0.244s] Invoking command in '/home/kien/colcon_ws/build/cnn_msgs': CMAKE_PREFIX_PATH=${CMAKE_PREFIX_PATH}:/home/kien/colcon_ws/install/drl_vo_controller:/home/kien/colcon_ws/install/apf_python_example:/opt/ros/humble PS1=(.venv) \[\e]0;\u@\h: \w\a\]${debian_chroot:+($debian_chroot)}\[\033[01;32m\]\u@\h\[\033[00m\]:\[\033[01;34m\]\w\[\033[00m\]\$ /usr/bin/cmake /home/kien/colcon_ws/src/nav2_pyif/cnn_msgs -DAMENT_CMAKE_SYMLINK_INSTALL=1 -DCMAKE_INSTALL_PREFIX=/home/kien/colcon_ws/install/cnn_msgs
[0.255s] -- Found ament_cmake: 1.3.11 (/opt/ros/humble/share/ament_cmake/cmake)
[0.352s] -- Override CMake install command with custom implementation using symlinks instead of copying resources
[0.359s] -- Found rosidl_default_generators: 1.2.0 (/opt/ros/humble/share/rosidl_default_generators/cmake)
[0.361s] -- Using all available rosidl_typesupport_c: rosidl_typesupport_fastrtps_c;rosidl_typesupport_introspection_c
[0.363s] -- Found rosidl_adapter: 3.1.6 (/opt/ros/humble/share/rosidl_adapter/cmake)
[0.387s] -- Using all available rosidl_typesupport_cpp: rosidl_typesupport_fastrtps_cpp;rosidl_typesupport_introspection_cpp
[0.405s] -- Found std_msgs: 4.2.4 (/opt/ros/humble/share/std_msgs/cmake)
[0.528s] [31mCMake Error at /opt/ros/humble/share/rosidl_adapter/cmake/rosidl_adapt_interfaces.cmake:59 (message):
[0.528s]   execute_process(/home/kien/colcon_ws/.venv/bin/python3 -m rosidl_adapter
[0.528s]   --package-name isaacsim_msgs --arguments-file
[0.528s]   /home/kien/colcon_ws/build/cnn_msgs/rosidl_adapter__arguments__isaacsim_msgs.json
[0.528s]   --output-dir
[0.528s]   /home/kien/colcon_ws/build/cnn_msgs/rosidl_adapter/isaacsim_msgs
[0.529s]   --output-file
[0.529s]   /home/kien/colcon_ws/build/cnn_msgs/rosidl_adapter/isaacsim_msgs.idls)
[0.529s]   returned error code 1:
[0.529s] 
[0.529s]   AttributeError processing template 'msg.idl.em'
[0.529s] 
[0.529s]   Traceback (most recent call last):
[0.529s] 
[0.529s]     File "/opt/ros/humble/local/lib/python3.10/dist-packages/rosidl_adapter/resource/__init__.py", line 51, in evaluate_template
[0.529s]       em.BUFFERED_OPT: True,
[0.529s] 
[0.529s]   AttributeError: module 'em' has no attribute 'BUFFERED_OPT'
[0.529s] 
[0.529s]   
[0.529s] 
[0.529s]   During handling of the above exception, another exception occurred:
[0.529s] 
[0.529s]   
[0.529s] 
[0.530s]   Traceback (most recent call last):
[0.530s] 
[0.530s]     File "/usr/lib/python3.10/runpy.py", line 196, in _run_module_as_main
[0.530s]       return _run_code(code, main_globals, None,
[0.530s]     File "/usr/lib/python3.10/runpy.py", line 86, in _run_code
[0.530s]       exec(code, run_globals)
[0.530s]     File "/opt/ros/humble/local/lib/python3.10/dist-packages/rosidl_adapter/__main__.py", line 19, in <module>
[0.530s]       sys.exit(main())
[0.530s]     File "/opt/ros/humble/local/lib/python3.10/dist-packages/rosidl_adapter/main.py", line 53, in main
[0.530s]       abs_idl_file = convert_to_idl(
[0.530s]     File "/opt/ros/humble/local/lib/python3.10/dist-packages/rosidl_adapter/__init__.py", line 19, in convert_to_idl
[0.530s]       return convert_msg_to_idl(
[0.530s]     File "/opt/ros/humble/local/lib/python3.10/dist-packages/rosidl_adapter/msg/__init__.py", line 39, in convert_msg_to_idl
[0.530s]       expand_template('msg.idl.em', data, output_file, encoding='iso-8859-1')
[0.530s]     File "/opt/ros/humble/local/lib/python3.10/dist-packages/rosidl_adapter/resource/__init__.py", line 23, in expand_template
[0.530s]       content = evaluate_template(template_name, data)
[0.530s]     File "/opt/ros/humble/local/lib/python3.10/dist-packages/rosidl_adapter/resource/__init__.py", line 69, in evaluate_template
[0.530s]       _interpreter.shutdown()
[0.530s] 
[0.530s]   AttributeError: 'NoneType' object has no attribute 'shutdown'
[0.530s] 
[0.531s] Call Stack (most recent call first):
[0.531s]   /opt/ros/humble/share/rosidl_cmake/cmake/rosidl_generate_interfaces.cmake:130 (rosidl_adapt_interfaces)
[0.531s]   CMakeLists.txt:17 (rosidl_generate_interfaces)
[0.531s] 
[0.531s] [0m
[0.531s] -- Configuring incomplete, errors occurred!
[0.531s] See also "/home/kien/colcon_ws/build/cnn_msgs/CMakeFiles/CMakeOutput.log".
[0.534s] Invoked command in '/home/kien/colcon_ws/build/cnn_msgs' returned '1': CMAKE_PREFIX_PATH=${CMAKE_PREFIX_PATH}:/home/kien/colcon_ws/install/drl_vo_controller:/home/kien/colcon_ws/install/apf_python_example:/opt/ros/humble PS1=(.venv) \[\e]0;\u@\h: \w\a\]${debian_chroot:+($debian_chroot)}\[\033[01;32m\]\u@\h\[\033[00m\]:\[\033[01;34m\]\w\[\033[00m\]\$ /usr/bin/cmake /home/kien/colcon_ws/src/nav2_pyif/cnn_msgs -DAMENT_CMAKE_SYMLINK_INSTALL=1 -DCMAKE_INSTALL_PREFIX=/home/kien/colcon_ws/install/cnn_msgs
